This is pdfTeX, Version 3.14159265-2.6-1.40.19 (MiKTeX 2.9.6840 64-bit) (preloaded format=pdflatex 2018.10.29)  22 MAR 2020 18:17
entering extended mode
**./BreveDocumentazione.tex
(BreveDocumentazione.tex
LaTeX2e <2018-04-01> patch level 5
("C:\Users\miche\AppData\Local\Programs\MiKTeX 2.9\tex\latex\base\book.cls"
Document Class: book 2014/09/29 v1.4h Standard LaTeX document class
("C:\Users\miche\AppData\Local\Programs\MiKTeX 2.9\tex\latex\base\bk11.clo"
File: bk11.clo 2014/09/29 v1.4h Standard LaTeX file (size option)
)
\c@part=\count80
\c@chapter=\count81
\c@section=\count82
\c@subsection=\count83
\c@subsubsection=\count84
\c@paragraph=\count85
\c@subparagraph=\count86
\c@figure=\count87
\c@table=\count88
\abovecaptionskip=\skip41
\belowcaptionskip=\skip42
\bibindent=\dimen102
)
("C:\Users\miche\AppData\Local\Programs\MiKTeX 2.9\tex\latex\base\fontenc.sty"
Package: fontenc 2017/04/05 v2.0i Standard LaTeX package

("C:\Users\miche\AppData\Local\Programs\MiKTeX 2.9\tex\latex\base\t1enc.def"
File: t1enc.def 2017/04/05 v2.0i Standard LaTeX file
LaTeX Font Info:    Redeclaring font encoding T1 on input line 48.
))
("C:\Users\miche\AppData\Local\Programs\MiKTeX 2.9\tex\latex\base\inputenc.sty"
Package: inputenc 2018/04/06 v1.3b Input encoding file
\inpenc@prehook=\toks14
\inpenc@posthook=\toks15
) ("C:\Users\miche\AppData\Local\Programs\MiKTeX 2.9\tex\latex\lm\lmodern.sty"
Package: lmodern 2009/10/30 v1.6 Latin Modern Fonts
LaTeX Font Info:    Overwriting symbol font `operators' in version `normal'
(Font)                  OT1/cmr/m/n --> OT1/lmr/m/n on input line 22.
LaTeX Font Info:    Overwriting symbol font `letters' in version `normal'
(Font)                  OML/cmm/m/it --> OML/lmm/m/it on input line 23.
LaTeX Font Info:    Overwriting symbol font `symbols' in version `normal'
(Font)                  OMS/cmsy/m/n --> OMS/lmsy/m/n on input line 24.
LaTeX Font Info:    Overwriting symbol font `largesymbols' in version `normal'
(Font)                  OMX/cmex/m/n --> OMX/lmex/m/n on input line 25.
LaTeX Font Info:    Overwriting symbol font `operators' in version `bold'
(Font)                  OT1/cmr/bx/n --> OT1/lmr/bx/n on input line 26.
LaTeX Font Info:    Overwriting symbol font `letters' in version `bold'
(Font)                  OML/cmm/b/it --> OML/lmm/b/it on input line 27.
LaTeX Font Info:    Overwriting symbol font `symbols' in version `bold'
(Font)                  OMS/cmsy/b/n --> OMS/lmsy/b/n on input line 28.
LaTeX Font Info:    Overwriting symbol font `largesymbols' in version `bold'
(Font)                  OMX/cmex/m/n --> OMX/lmex/m/n on input line 29.
LaTeX Font Info:    Overwriting math alphabet `\mathbf' in version `normal'
(Font)                  OT1/cmr/bx/n --> OT1/lmr/bx/n on input line 31.
LaTeX Font Info:    Overwriting math alphabet `\mathsf' in version `normal'
(Font)                  OT1/cmss/m/n --> OT1/lmss/m/n on input line 32.
LaTeX Font Info:    Overwriting math alphabet `\mathit' in version `normal'
(Font)                  OT1/cmr/m/it --> OT1/lmr/m/it on input line 33.
LaTeX Font Info:    Overwriting math alphabet `\mathtt' in version `normal'
(Font)                  OT1/cmtt/m/n --> OT1/lmtt/m/n on input line 34.
LaTeX Font Info:    Overwriting math alphabet `\mathbf' in version `bold'
(Font)                  OT1/cmr/bx/n --> OT1/lmr/bx/n on input line 35.
LaTeX Font Info:    Overwriting math alphabet `\mathsf' in version `bold'
(Font)                  OT1/cmss/bx/n --> OT1/lmss/bx/n on input line 36.
LaTeX Font Info:    Overwriting math alphabet `\mathit' in version `bold'
(Font)                  OT1/cmr/bx/it --> OT1/lmr/bx/it on input line 37.
LaTeX Font Info:    Overwriting math alphabet `\mathtt' in version `bold'
(Font)                  OT1/cmtt/m/n --> OT1/lmtt/m/n on input line 38.
)
("C:\Users\miche\AppData\Local\Programs\MiKTeX 2.9\tex\latex\hyperref\hyperref.
sty"
Package: hyperref 2018/09/30 v6.88a Hypertext links for LaTeX

("C:\Users\miche\AppData\Local\Programs\MiKTeX 2.9\tex\generic\oberdiek\hobsub-
hyperref.sty"
Package: hobsub-hyperref 2016/05/16 v1.14 Bundle oberdiek, subset hyperref (HO)


("C:\Users\miche\AppData\Local\Programs\MiKTeX 2.9\tex\generic\oberdiek\hobsub-
generic.sty"
Package: hobsub-generic 2016/05/16 v1.14 Bundle oberdiek, subset generic (HO)
Package: hobsub 2016/05/16 v1.14 Construct package bundles (HO)
Package: infwarerr 2016/05/16 v1.4 Providing info/warning/error messages (HO)
Package: ltxcmds 2016/05/16 v1.23 LaTeX kernel commands for general use (HO)
Package: ifluatex 2016/05/16 v1.4 Provides the ifluatex switch (HO)
Package ifluatex Info: LuaTeX not detected.
Package: ifvtex 2016/05/16 v1.6 Detect VTeX and its facilities (HO)
Package ifvtex Info: VTeX not detected.
Package: intcalc 2016/05/16 v1.2 Expandable calculations with integers (HO)
Package: ifpdf 2018/09/07 v3.3 Provides the ifpdf switch
Package: etexcmds 2016/05/16 v1.6 Avoid name clashes with e-TeX commands (HO)
Package etexcmds Info: Could not find \expanded.
(etexcmds)             That can mean that you are not using pdfTeX 1.50 or
(etexcmds)             that some package has redefined \expanded.
(etexcmds)             In the latter case, load this package earlier.
Package: kvsetkeys 2016/05/16 v1.17 Key value parser (HO)
Package: kvdefinekeys 2016/05/16 v1.4 Define keys (HO)
Package: pdftexcmds 2018/09/10 v0.29 Utility functions of pdfTeX for LuaTeX (HO
)
Package pdftexcmds Info: LuaTeX not detected.
Package pdftexcmds Info: \pdf@primitive is available.
Package pdftexcmds Info: \pdf@ifprimitive is available.
Package pdftexcmds Info: \pdfdraftmode found.
Package: pdfescape 2016/05/16 v1.14 Implements pdfTeX's escape features (HO)
Package: bigintcalc 2016/05/16 v1.4 Expandable calculations on big integers (HO
)
Package: bitset 2016/05/16 v1.2 Handle bit-vector datatype (HO)
Package: uniquecounter 2016/05/16 v1.3 Provide unlimited unique counter (HO)
)
Package hobsub Info: Skipping package `hobsub' (already loaded).
Package: letltxmacro 2016/05/16 v1.5 Let assignment for LaTeX macros (HO)
Package: hopatch 2016/05/16 v1.3 Wrapper for package hooks (HO)
Package: xcolor-patch 2016/05/16 xcolor patch
Package: atveryend 2016/05/16 v1.9 Hooks at the very end of document (HO)
Package atveryend Info: \enddocument detected (standard20110627).
Package: atbegshi 2016/06/09 v1.18 At begin shipout hook (HO)
Package: refcount 2016/05/16 v3.5 Data extraction from label references (HO)
Package: hycolor 2016/05/16 v1.8 Color options for hyperref/bookmark (HO)
)
("C:\Users\miche\AppData\Local\Programs\MiKTeX 2.9\tex\latex\graphics\keyval.st
y"
Package: keyval 2014/10/28 v1.15 key=value parser (DPC)
\KV@toks@=\toks16
)
("C:\Users\miche\AppData\Local\Programs\MiKTeX 2.9\tex\generic\ifxetex\ifxetex.
sty"
Package: ifxetex 2010/09/12 v0.6 Provides ifxetex conditional
)
("C:\Users\miche\AppData\Local\Programs\MiKTeX 2.9\tex\latex\oberdiek\auxhook.s
ty"
Package: auxhook 2016/05/16 v1.4 Hooks for auxiliary files (HO)
)
("C:\Users\miche\AppData\Local\Programs\MiKTeX 2.9\tex\latex\oberdiek\kvoptions
.sty"
Package: kvoptions 2016/05/16 v3.12 Key value format for package options (HO)
)
\@linkdim=\dimen103
\Hy@linkcounter=\count89
\Hy@pagecounter=\count90

("C:\Users\miche\AppData\Local\Programs\MiKTeX 2.9\tex\latex\hyperref\pd1enc.de
f"
File: pd1enc.def 2018/09/30 v6.88a Hyperref: PDFDocEncoding definition (HO)
Now handling font encoding PD1 ...
... no UTF-8 mapping file for font encoding PD1
)
\Hy@SavedSpaceFactor=\count91

("C:\Users\miche\AppData\Local\Programs\MiKTeX 2.9\tex\latex\00miktex\hyperref.
cfg"
File: hyperref.cfg 2002/06/06 v1.2 hyperref configuration of TeXLive
)
Package hyperref Info: Hyper figures OFF on input line 4535.
Package hyperref Info: Link nesting OFF on input line 4540.
Package hyperref Info: Hyper index ON on input line 4543.
Package hyperref Info: Plain pages OFF on input line 4550.
Package hyperref Info: Backreferencing OFF on input line 4555.
Package hyperref Info: Implicit mode ON; LaTeX internals redefined.
Package hyperref Info: Bookmarks ON on input line 4788.
\c@Hy@tempcnt=\count92
 ("C:\Users\miche\AppData\Local\Programs\MiKTeX 2.9\tex\latex\url\url.sty"
\Urlmuskip=\muskip10
Package: url 2013/09/16  ver 3.4  Verb mode for urls, etc.
)
LaTeX Info: Redefining \url on input line 5141.
\XeTeXLinkMargin=\dimen104
\Fld@menulength=\count93
\Field@Width=\dimen105
\Fld@charsize=\dimen106
Package hyperref Info: Hyper figures OFF on input line 6396.
Package hyperref Info: Link nesting OFF on input line 6401.
Package hyperref Info: Hyper index ON on input line 6404.
Package hyperref Info: backreferencing OFF on input line 6411.
Package hyperref Info: Link coloring OFF on input line 6416.
Package hyperref Info: Link coloring with OCG OFF on input line 6421.
Package hyperref Info: PDF/A mode OFF on input line 6426.
LaTeX Info: Redefining \ref on input line 6466.
LaTeX Info: Redefining \pageref on input line 6470.
\Hy@abspage=\count94
\c@Item=\count95
\c@Hfootnote=\count96
)
Package hyperref Info: Driver (autodetected): hpdftex.

("C:\Users\miche\AppData\Local\Programs\MiKTeX 2.9\tex\latex\hyperref\hpdftex.d
ef"
File: hpdftex.def 2018/09/30 v6.88a Hyperref driver for pdfTeX
\Fld@listcount=\count97
\c@bookmark@seq@number=\count98

("C:\Users\miche\AppData\Local\Programs\MiKTeX 2.9\tex\latex\oberdiek\rerunfile
check.sty"
Package: rerunfilecheck 2016/05/16 v1.8 Rerun checks for auxiliary files (HO)
Package uniquecounter Info: New unique counter `rerunfilecheck' on input line 2
82.
)
\Hy@SectionHShift=\skip43
)
("C:\Users\miche\AppData\Local\Programs\MiKTeX 2.9\tex\latex\graphics\graphicx.
sty"
Package: graphicx 2017/06/01 v1.1a Enhanced LaTeX Graphics (DPC,SPQR)

("C:\Users\miche\AppData\Local\Programs\MiKTeX 2.9\tex\latex\graphics\graphics.
sty"
Package: graphics 2017/06/25 v1.2c Standard LaTeX Graphics (DPC,SPQR)

("C:\Users\miche\AppData\Local\Programs\MiKTeX 2.9\tex\latex\graphics\trig.sty"
Package: trig 2016/01/03 v1.10 sin cos tan (DPC)
)
("C:\Users\miche\AppData\Local\Programs\MiKTeX 2.9\tex\latex\graphics-cfg\graph
ics.cfg"
File: graphics.cfg 2016/06/04 v1.11 sample graphics configuration
)
Package graphics Info: Driver file: pdftex.def on input line 99.

("C:\Users\miche\AppData\Local\Programs\MiKTeX 2.9\tex\latex\graphics-def\pdfte
x.def"
File: pdftex.def 2018/01/08 v1.0l Graphics/color driver for pdftex
))
\Gin@req@height=\dimen107
\Gin@req@width=\dimen108
)
("C:\Users\miche\AppData\Local\Programs\MiKTeX 2.9\tex\generic\babel\babel.sty"
Package: babel 2018/09/26 3.24 The Babel package
("C:\Users\miche\AppData\Local\Programs\MiKTeX 2.9\tex\generic\babel\switch.def
"
File: switch.def 2018/09/26 3.24 Babel switching mechanism
)
*************************************
* Local config file bblopts.cfg used
*
("C:\Users\miche\AppData\Local\Programs\MiKTeX 2.9\tex\latex\arabi\bblopts.cfg"
File: bblopts.cfg 2005/09/08 v0.1 add Arabic and Farsi to "declared" options of
 babel
)
("C:\Users\miche\AppData\Local\Programs\MiKTeX 2.9\tex\latex\babel-english\engl
ish.ldf"
Language: english 2017/06/06 v3.3r English support from the babel system

("C:\Users\miche\AppData\Local\Programs\MiKTeX 2.9\tex\generic\babel\babel.def"
File: babel.def 2018/09/26 3.24 Babel common definitions
\babel@savecnt=\count99
\U@D=\dimen109

("C:\Users\miche\AppData\Local\Programs\MiKTeX 2.9\tex\generic\babel\txtbabel.d
ef")
\bbl@dirlevel=\count100
)
\l@canadian = a dialect from \language\l@american 
\l@australian = a dialect from \language\l@british 
\l@newzealand = a dialect from \language\l@british 
))
("C:\Users\miche\AppData\Local\Programs\MiKTeX 2.9\tex\latex\geometry\geometry.
sty"
Package: geometry 2018/04/16 v5.8 Page Geometry
\Gm@cnth=\count101
\Gm@cntv=\count102
\c@Gm@tempcnt=\count103
\Gm@bindingoffset=\dimen110
\Gm@wd@mp=\dimen111
\Gm@odd@mp=\dimen112
\Gm@even@mp=\dimen113
\Gm@layoutwidth=\dimen114
\Gm@layoutheight=\dimen115
\Gm@layouthoffset=\dimen116
\Gm@layoutvoffset=\dimen117
\Gm@dimlist=\toks17

("C:\Users\miche\AppData\Local\Programs\MiKTeX 2.9\tex\latex\geometry\geometry.
cfg"))
("C:\Users\miche\AppData\Local\Programs\MiKTeX 2.9\tex\latex\graphics\lscape.st
y"
Package: lscape 2000/10/22 v3.01 Landscape Pages (DPC)
)
("C:\Users\miche\AppData\Local\Programs\MiKTeX 2.9\tex\latex\caption\caption.st
y"
Package: caption 2018/10/06 v3.3-154 Customizing captions (AR)

("C:\Users\miche\AppData\Local\Programs\MiKTeX 2.9\tex\latex\caption\caption3.s
ty"
Package: caption3 2018/09/12 v1.8c caption3 kernel (AR)
Package caption3 Info: TeX engine: e-TeX on input line 64.
\captionmargin=\dimen118
\captionmargin@=\dimen119
\captionwidth=\dimen120
\caption@tempdima=\dimen121
\caption@indent=\dimen122
\caption@parindent=\dimen123
\caption@hangindent=\dimen124
)
\c@caption@flags=\count104
\c@ContinuedFloat=\count105
Package caption Info: hyperref package is loaded.
)
("C:\Users\miche\AppData\Local\Programs\MiKTeX 2.9\tex\latex\amsmath\amsmath.st
y"
Package: amsmath 2017/09/02 v2.17a AMS math features
\@mathmargin=\skip44

For additional information on amsmath, use the `?' option.

("C:\Users\miche\AppData\Local\Programs\MiKTeX 2.9\tex\latex\amsmath\amstext.st
y"
Package: amstext 2000/06/29 v2.01 AMS text

("C:\Users\miche\AppData\Local\Programs\MiKTeX 2.9\tex\latex\amsmath\amsgen.sty
"
File: amsgen.sty 1999/11/30 v2.0 generic functions
\@emptytoks=\toks18
\ex@=\dimen125
))
("C:\Users\miche\AppData\Local\Programs\MiKTeX 2.9\tex\latex\amsmath\amsbsy.sty
"
Package: amsbsy 1999/11/29 v1.2d Bold Symbols
\pmbraise@=\dimen126
)
("C:\Users\miche\AppData\Local\Programs\MiKTeX 2.9\tex\latex\amsmath\amsopn.sty
"
Package: amsopn 2016/03/08 v2.02 operator names
)
\inf@bad=\count106
LaTeX Info: Redefining \frac on input line 213.
\uproot@=\count107
\leftroot@=\count108
LaTeX Info: Redefining \overline on input line 375.
\classnum@=\count109
\DOTSCASE@=\count110
LaTeX Info: Redefining \ldots on input line 472.
LaTeX Info: Redefining \dots on input line 475.
LaTeX Info: Redefining \cdots on input line 596.
\Mathstrutbox@=\box26
\strutbox@=\box27
\big@size=\dimen127
LaTeX Font Info:    Redeclaring font encoding OML on input line 712.
LaTeX Font Info:    Redeclaring font encoding OMS on input line 713.
\macc@depth=\count111
\c@MaxMatrixCols=\count112
\dotsspace@=\muskip11
\c@parentequation=\count113
\dspbrk@lvl=\count114
\tag@help=\toks19
\row@=\count115
\column@=\count116
\maxfields@=\count117
\andhelp@=\toks20
\eqnshift@=\dimen128
\alignsep@=\dimen129
\tagshift@=\dimen130
\tagwidth@=\dimen131
\totwidth@=\dimen132
\lineht@=\dimen133
\@envbody=\toks21
\multlinegap=\skip45
\multlinetaggap=\skip46
\mathdisplay@stack=\toks22
LaTeX Info: Redefining \[ on input line 2817.
LaTeX Info: Redefining \] on input line 2818.
)
("C:\Users\miche\AppData\Local\Programs\MiKTeX 2.9\tex\latex\oberdiek\listingsu
tf8.sty"
Package: listingsutf8 2016/05/16 v1.3 Allow UTF-8 in listings input (HO)

("C:\Users\miche\AppData\Local\Programs\MiKTeX 2.9\tex\latex\listings\listings.
sty"
\lst@mode=\count118
\lst@gtempboxa=\box28
\lst@token=\toks23
\lst@length=\count119
\lst@currlwidth=\dimen134
\lst@column=\count120
\lst@pos=\count121
\lst@lostspace=\dimen135
\lst@width=\dimen136
\lst@newlines=\count122
\lst@lineno=\count123
\lst@maxwidth=\dimen137

("C:\Users\miche\AppData\Local\Programs\MiKTeX 2.9\tex\latex\listings\lstmisc.s
ty"
File: lstmisc.sty 2018/09/02 1.7 (Carsten Heinz)
\c@lstnumber=\count124
\lst@skipnumbers=\count125
\lst@framebox=\box29
)
("C:\Users\miche\AppData\Local\Programs\MiKTeX 2.9\tex\latex\listings\listings.
cfg"
File: listings.cfg 2018/09/02 1.7 listings configuration
))
Package: listings 2018/09/02 1.7 (Carsten Heinz)

("C:\Users\miche\AppData\Local\Programs\MiKTeX 2.9\tex\generic\oberdiek\stringe
nc.sty"
Package: stringenc 2016/05/16 v1.11 Convert strings between diff. encodings (HO
)
))
("C:\Users\miche\AppData\Local\Programs\MiKTeX 2.9\tex\latex\float\float.sty"
Package: float 2001/11/08 v1.3d Float enhancements (AL)
\c@float@type=\count126
\float@exts=\toks24
\float@box=\box30
\@float@everytoks=\toks25
\@floatcapt=\box31
)
("C:\Users\miche\AppData\Local\Programs\MiKTeX 2.9\tex\latex\subfig\subfig.sty"
Package: subfig 2005/06/28 ver: 1.3 subfig package
\c@KVtest=\count127
\sf@farskip=\skip47
\sf@captopadj=\dimen138
\sf@capskip=\skip48
\sf@nearskip=\skip49
\c@subfigure=\count128
\c@subfigure@save=\count129
\c@lofdepth=\count130
\c@subtable=\count131
\c@subtable@save=\count132
\c@lotdepth=\count133
\sf@top=\skip50
\sf@bottom=\skip51
) ("C:\Users\miche\AppData\Local\Programs\MiKTeX 2.9\tex\latex\xcolor\xcolor.st
y"
Package: xcolor 2016/05/11 v2.12 LaTeX color extensions (UK)

("C:\Users\miche\AppData\Local\Programs\MiKTeX 2.9\tex\latex\graphics-cfg\color
.cfg"
File: color.cfg 2016/01/02 v1.6 sample color configuration
)
Package xcolor Info: Driver file: pdftex.def on input line 225.
Package xcolor Info: Model `cmy' substituted by `cmy0' on input line 1348.
Package xcolor Info: Model `hsb' substituted by `rgb' on input line 1352.
Package xcolor Info: Model `RGB' extended on input line 1364.
Package xcolor Info: Model `HTML' substituted by `rgb' on input line 1366.
Package xcolor Info: Model `Hsb' substituted by `hsb' on input line 1367.
Package xcolor Info: Model `tHsb' substituted by `hsb' on input line 1368.
Package xcolor Info: Model `HSB' substituted by `hsb' on input line 1369.
Package xcolor Info: Model `Gray' substituted by `gray' on input line 1370.
Package xcolor Info: Model `wave' substituted by `hsb' on input line 1371.
)
("C:\Users\miche\AppData\Local\Programs\MiKTeX 2.9\tex\latex\base\textcomp.sty"
Package: textcomp 2017/04/05 v2.0i Standard LaTeX package
Package textcomp Info: Sub-encoding information:
(textcomp)               5 = only ISO-Adobe without \textcurrency
(textcomp)               4 = 5 + \texteuro
(textcomp)               3 = 4 + \textohm
(textcomp)               2 = 3 + \textestimated + \textcurrency
(textcomp)               1 = TS1 - \textcircled - \t
(textcomp)               0 = TS1 (full)
(textcomp)             Font families with sub-encoding setting implement
(textcomp)             only a restricted character set as indicated.
(textcomp)             Family '?' is the default used for unknown fonts.
(textcomp)             See the documentation for details.
Package textcomp Info: Setting ? sub-encoding to TS1/1 on input line 79.
("C:\Users\miche\AppData\Local\Programs\MiKTeX 2.9\tex\latex\base\ts1enc.def"
File: ts1enc.def 2001/06/05 v3.0e (jk/car/fm) Standard LaTeX file
Now handling font encoding TS1 ...
... processing UTF-8 mapping file for font encoding TS1

("C:\Users\miche\AppData\Local\Programs\MiKTeX 2.9\tex\latex\base\ts1enc.dfu"
File: ts1enc.dfu 2018/04/05 v1.2c UTF-8 support for inputenc
   defining Unicode char U+00A2 (decimal 162)
   defining Unicode char U+00A3 (decimal 163)
   defining Unicode char U+00A4 (decimal 164)
   defining Unicode char U+00A5 (decimal 165)
   defining Unicode char U+00A6 (decimal 166)
   defining Unicode char U+00A7 (decimal 167)
   defining Unicode char U+00A8 (decimal 168)
   defining Unicode char U+00A9 (decimal 169)
   defining Unicode char U+00AA (decimal 170)
   defining Unicode char U+00AC (decimal 172)
   defining Unicode char U+00AE (decimal 174)
   defining Unicode char U+00AF (decimal 175)
   defining Unicode char U+00B0 (decimal 176)
   defining Unicode char U+00B1 (decimal 177)
   defining Unicode char U+00B2 (decimal 178)
   defining Unicode char U+00B3 (decimal 179)
   defining Unicode char U+00B4 (decimal 180)
   defining Unicode char U+00B5 (decimal 181)
   defining Unicode char U+00B6 (decimal 182)
   defining Unicode char U+00B7 (decimal 183)
   defining Unicode char U+00B9 (decimal 185)
   defining Unicode char U+00BA (decimal 186)
   defining Unicode char U+00BC (decimal 188)
   defining Unicode char U+00BD (decimal 189)
   defining Unicode char U+00BE (decimal 190)
   defining Unicode char U+00D7 (decimal 215)
   defining Unicode char U+00F7 (decimal 247)
   defining Unicode char U+0192 (decimal 402)
   defining Unicode char U+02C7 (decimal 711)
   defining Unicode char U+02D8 (decimal 728)
   defining Unicode char U+02DD (decimal 733)
   defining Unicode char U+0E3F (decimal 3647)
   defining Unicode char U+2016 (decimal 8214)
   defining Unicode char U+2020 (decimal 8224)
   defining Unicode char U+2021 (decimal 8225)
   defining Unicode char U+2022 (decimal 8226)
   defining Unicode char U+2030 (decimal 8240)
   defining Unicode char U+2031 (decimal 8241)
   defining Unicode char U+203B (decimal 8251)
   defining Unicode char U+203D (decimal 8253)
   defining Unicode char U+2044 (decimal 8260)
   defining Unicode char U+204E (decimal 8270)
   defining Unicode char U+2052 (decimal 8274)
   defining Unicode char U+20A1 (decimal 8353)
   defining Unicode char U+20A4 (decimal 8356)
   defining Unicode char U+20A6 (decimal 8358)
   defining Unicode char U+20A9 (decimal 8361)
   defining Unicode char U+20AB (decimal 8363)
   defining Unicode char U+20AC (decimal 8364)
   defining Unicode char U+20B1 (decimal 8369)
   defining Unicode char U+2103 (decimal 8451)
   defining Unicode char U+2116 (decimal 8470)
   defining Unicode char U+2117 (decimal 8471)
   defining Unicode char U+211E (decimal 8478)
   defining Unicode char U+2120 (decimal 8480)
   defining Unicode char U+2122 (decimal 8482)
   defining Unicode char U+2126 (decimal 8486)
   defining Unicode char U+2127 (decimal 8487)
   defining Unicode char U+212E (decimal 8494)
   defining Unicode char U+2190 (decimal 8592)
   defining Unicode char U+2191 (decimal 8593)
   defining Unicode char U+2192 (decimal 8594)
   defining Unicode char U+2193 (decimal 8595)
   defining Unicode char U+2329 (decimal 9001)
   defining Unicode char U+232A (decimal 9002)
   defining Unicode char U+2422 (decimal 9250)
   defining Unicode char U+25E6 (decimal 9702)
   defining Unicode char U+25EF (decimal 9711)
   defining Unicode char U+266A (decimal 9834)
   defining Unicode char U+FEFF (decimal 65279)
))
LaTeX Info: Redefining \oldstylenums on input line 334.
Package textcomp Info: Setting cmr sub-encoding to TS1/0 on input line 349.
Package textcomp Info: Setting cmss sub-encoding to TS1/0 on input line 350.
Package textcomp Info: Setting cmtt sub-encoding to TS1/0 on input line 351.
Package textcomp Info: Setting cmvtt sub-encoding to TS1/0 on input line 352.
Package textcomp Info: Setting cmbr sub-encoding to TS1/0 on input line 353.
Package textcomp Info: Setting cmtl sub-encoding to TS1/0 on input line 354.
Package textcomp Info: Setting ccr sub-encoding to TS1/0 on input line 355.
Package textcomp Info: Setting ptm sub-encoding to TS1/4 on input line 356.
Package textcomp Info: Setting pcr sub-encoding to TS1/4 on input line 357.
Package textcomp Info: Setting phv sub-encoding to TS1/4 on input line 358.
Package textcomp Info: Setting ppl sub-encoding to TS1/3 on input line 359.
Package textcomp Info: Setting pag sub-encoding to TS1/4 on input line 360.
Package textcomp Info: Setting pbk sub-encoding to TS1/4 on input line 361.
Package textcomp Info: Setting pnc sub-encoding to TS1/4 on input line 362.
Package textcomp Info: Setting pzc sub-encoding to TS1/4 on input line 363.
Package textcomp Info: Setting bch sub-encoding to TS1/4 on input line 364.
Package textcomp Info: Setting put sub-encoding to TS1/5 on input line 365.
Package textcomp Info: Setting uag sub-encoding to TS1/5 on input line 366.
Package textcomp Info: Setting ugq sub-encoding to TS1/5 on input line 367.
Package textcomp Info: Setting ul8 sub-encoding to TS1/4 on input line 368.
Package textcomp Info: Setting ul9 sub-encoding to TS1/4 on input line 369.
Package textcomp Info: Setting augie sub-encoding to TS1/5 on input line 370.
Package textcomp Info: Setting dayrom sub-encoding to TS1/3 on input line 371.
Package textcomp Info: Setting dayroms sub-encoding to TS1/3 on input line 372.

Package textcomp Info: Setting pxr sub-encoding to TS1/0 on input line 373.
Package textcomp Info: Setting pxss sub-encoding to TS1/0 on input line 374.
Package textcomp Info: Setting pxtt sub-encoding to TS1/0 on input line 375.
Package textcomp Info: Setting txr sub-encoding to TS1/0 on input line 376.
Package textcomp Info: Setting txss sub-encoding to TS1/0 on input line 377.
Package textcomp Info: Setting txtt sub-encoding to TS1/0 on input line 378.
Package textcomp Info: Setting lmr sub-encoding to TS1/0 on input line 379.
Package textcomp Info: Setting lmdh sub-encoding to TS1/0 on input line 380.
Package textcomp Info: Setting lmss sub-encoding to TS1/0 on input line 381.
Package textcomp Info: Setting lmssq sub-encoding to TS1/0 on input line 382.
Package textcomp Info: Setting lmvtt sub-encoding to TS1/0 on input line 383.
Package textcomp Info: Setting lmtt sub-encoding to TS1/0 on input line 384.
Package textcomp Info: Setting qhv sub-encoding to TS1/0 on input line 385.
Package textcomp Info: Setting qag sub-encoding to TS1/0 on input line 386.
Package textcomp Info: Setting qbk sub-encoding to TS1/0 on input line 387.
Package textcomp Info: Setting qcr sub-encoding to TS1/0 on input line 388.
Package textcomp Info: Setting qcs sub-encoding to TS1/0 on input line 389.
Package textcomp Info: Setting qpl sub-encoding to TS1/0 on input line 390.
Package textcomp Info: Setting qtm sub-encoding to TS1/0 on input line 391.
Package textcomp Info: Setting qzc sub-encoding to TS1/0 on input line 392.
Package textcomp Info: Setting qhvc sub-encoding to TS1/0 on input line 393.
Package textcomp Info: Setting futs sub-encoding to TS1/4 on input line 394.
Package textcomp Info: Setting futx sub-encoding to TS1/4 on input line 395.
Package textcomp Info: Setting futj sub-encoding to TS1/4 on input line 396.
Package textcomp Info: Setting hlh sub-encoding to TS1/3 on input line 397.
Package textcomp Info: Setting hls sub-encoding to TS1/3 on input line 398.
Package textcomp Info: Setting hlst sub-encoding to TS1/3 on input line 399.
Package textcomp Info: Setting hlct sub-encoding to TS1/5 on input line 400.
Package textcomp Info: Setting hlx sub-encoding to TS1/5 on input line 401.
Package textcomp Info: Setting hlce sub-encoding to TS1/5 on input line 402.
Package textcomp Info: Setting hlcn sub-encoding to TS1/5 on input line 403.
Package textcomp Info: Setting hlcw sub-encoding to TS1/5 on input line 404.
Package textcomp Info: Setting hlcf sub-encoding to TS1/5 on input line 405.
Package textcomp Info: Setting pplx sub-encoding to TS1/3 on input line 406.
Package textcomp Info: Setting pplj sub-encoding to TS1/3 on input line 407.
Package textcomp Info: Setting ptmx sub-encoding to TS1/4 on input line 408.
Package textcomp Info: Setting ptmj sub-encoding to TS1/4 on input line 409.
)
("C:\Users\miche\AppData\Local\Programs\MiKTeX 2.9\tex\latex\wrapfig\wrapfig.st
y"
\wrapoverhang=\dimen139
\WF@size=\dimen140
\c@WF@wrappedlines=\count134
\WF@box=\box32
\WF@everypar=\toks26
Package: wrapfig 2003/01/31  v 3.6
)
("C:\Users\miche\AppData\Local\Programs\MiKTeX 2.9\tex\latex\graphics\rotating.
sty"
Package: rotating 2016/08/11 v2.16d rotated objects in LaTeX

("C:\Users\miche\AppData\Local\Programs\MiKTeX 2.9\tex\latex\base\ifthen.sty"
Package: ifthen 2014/09/29 v1.1c Standard LaTeX ifthen package (DPC)
)
\c@r@tfl@t=\count135
\rotFPtop=\skip52
\rotFPbot=\skip53
\rot@float@box=\box33
\rot@mess@toks=\toks27
)
("C:\Users\miche\AppData\Local\Programs\MiKTeX 2.9\tex\latex\oberdiek\epstopdf.
sty"
Package: epstopdf 2016/05/15 v2.6 Conversion with epstopdf on the fly (HO)

("C:\Users\miche\AppData\Local\Programs\MiKTeX 2.9\tex\latex\oberdiek\epstopdf-
base.sty"
Package: epstopdf-base 2016/05/15 v2.6 Base part for package epstopdf

("C:\Users\miche\AppData\Local\Programs\MiKTeX 2.9\tex\latex\oberdiek\grfext.st
y"
Package: grfext 2016/05/16 v1.2 Manage graphics extensions (HO)
)
Package epstopdf-base Info: Redefining graphics rule for `.eps' on input line 4
38.
Package grfext Info: Graphics extension search list:
(grfext)             [.pdf,.png,.jpg,.mps,.jpeg,.jbig2,.jb2,.PDF,.PNG,.JPG,.JPE
G,.JBIG2,.JB2,.eps]
(grfext)             \AppendGraphicsExtensions on input line 456.
))
("C:\Users\miche\AppData\Local\Programs\MiKTeX 2.9\tex\latex\commath\commath.st
y")
("C:\Users\miche\AppData\Local\Programs\MiKTeX 2.9\tex\latex\listings\lstlang1.
sty"
File: lstlang1.sty 2018/09/02 1.7 listings language file
)
("C:\Users\miche\AppData\Local\Programs\MiKTeX 2.9\tex\latex\listings\lstlang1.
sty"
File: lstlang1.sty 2018/09/02 1.7 listings language file
)
("C:\Users\miche\AppData\Local\Programs\MiKTeX 2.9\tex\latex\listings\lstmisc.s
ty"
File: lstmisc.sty 2018/09/02 1.7 (Carsten Heinz)
) (BreveDocumentazione.aux)
\openout1 = `BreveDocumentazione.aux'.

LaTeX Font Info:    Checking defaults for OML/cmm/m/it on input line 109.
LaTeX Font Info:    ... okay on input line 109.
LaTeX Font Info:    Checking defaults for T1/cmr/m/n on input line 109.
LaTeX Font Info:    ... okay on input line 109.
LaTeX Font Info:    Checking defaults for OT1/cmr/m/n on input line 109.
LaTeX Font Info:    ... okay on input line 109.
LaTeX Font Info:    Checking defaults for OMS/cmsy/m/n on input line 109.
LaTeX Font Info:    ... okay on input line 109.
LaTeX Font Info:    Checking defaults for OMX/cmex/m/n on input line 109.
LaTeX Font Info:    ... okay on input line 109.
LaTeX Font Info:    Checking defaults for U/cmr/m/n on input line 109.
LaTeX Font Info:    ... okay on input line 109.
LaTeX Font Info:    Checking defaults for PD1/pdf/m/n on input line 109.
LaTeX Font Info:    ... okay on input line 109.
LaTeX Font Info:    Checking defaults for TS1/cmr/m/n on input line 109.
LaTeX Font Info:    Try loading font information for TS1+cmr on input line 109.


("C:\Users\miche\AppData\Local\Programs\MiKTeX 2.9\tex\latex\base\ts1cmr.fd"
File: ts1cmr.fd 2014/09/29 v2.5h Standard LaTeX font definitions
)
LaTeX Font Info:    ... okay on input line 109.
LaTeX Font Info:    Try loading font information for T1+lmr on input line 109.

("C:\Users\miche\AppData\Local\Programs\MiKTeX 2.9\tex\latex\lm\t1lmr.fd"
File: t1lmr.fd 2009/10/30 v1.6 Font defs for Latin Modern
)
\AtBeginShipoutBox=\box34
Package hyperref Info: Link coloring OFF on input line 109.

("C:\Users\miche\AppData\Local\Programs\MiKTeX 2.9\tex\latex\hyperref\nameref.s
ty"
Package: nameref 2016/05/21 v2.44 Cross-referencing by name of section

("C:\Users\miche\AppData\Local\Programs\MiKTeX 2.9\tex\generic\oberdiek\gettitl
estring.sty"
Package: gettitlestring 2016/05/16 v1.5 Cleanup title references (HO)
)
\c@section@level=\count136
)
LaTeX Info: Redefining \ref on input line 109.
LaTeX Info: Redefining \pageref on input line 109.
LaTeX Info: Redefining \nameref on input line 109.
 (BreveDocumentazione.out) (BreveDocumentazione.out)
\@outlinefile=\write3
\openout3 = `BreveDocumentazione.out'.


("C:\Users\miche\AppData\Local\Programs\MiKTeX 2.9\tex\context\base\supp-pdf.mk
ii"
[Loading MPS to PDF converter (version 2006.09.02).]
\scratchcounter=\count137
\scratchdimen=\dimen141
\scratchbox=\box35
\nofMPsegments=\count138
\nofMParguments=\count139
\everyMPshowfont=\toks28
\MPscratchCnt=\count140
\MPscratchDim=\dimen142
\MPnumerator=\count141
\makeMPintoPDFobject=\count142
\everyMPtoPDFconversion=\toks29
)
*geometry* driver: auto-detecting
*geometry* detected driver: pdftex
*geometry* verbose mode - [ preamble ] result:
* driver: pdftex
* paper: a4paper
* layout: <same size as paper>
* layoutoffset:(h,v)=(0.0pt,0.0pt)
* modes: twoside 
* h-part:(L,W,R)=(56.9055pt, 483.69687pt, 56.9055pt)
* v-part:(T,H,B)=(56.9055pt, 731.23584pt, 56.9055pt)
* \paperwidth=597.50787pt
* \paperheight=845.04684pt
* \textwidth=483.69687pt
* \textheight=731.23584pt
* \oddsidemargin=-15.36449pt
* \evensidemargin=-15.36449pt
* \topmargin=-47.23828pt
* \headheight=12.0pt
* \headsep=19.8738pt
* \topskip=11.0pt
* \footskip=27.46295pt
* \marginparwidth=106.0pt
* \marginparsep=7.0pt
* \columnsep=10.0pt
* \skip\footins=10.0pt plus 4.0pt minus 2.0pt
* \hoffset=0.0pt
* \voffset=0.0pt
* \mag=1000
* \@twocolumnfalse
* \@twosidetrue
* \@mparswitchtrue
* \@reversemarginfalse
* (1in=72.27pt=25.4mm, 1cm=28.453pt)

Package caption Info: Begin \AtBeginDocument code.
Package caption Info: subfig package v1.3 is loaded.
Package caption Info: float package is loaded.
Package caption Info: listings package is loaded.
Package caption Info: rotating package is loaded.
Package caption Info: wrapfig package is loaded.
Package caption Info: End \AtBeginDocument code.
\c@lstlisting=\count143
<Immagini/UniBg.png, id=199, 526.96875pt x 430.60875pt>
File: Immagini/UniBg.png Graphic file (type png)
<use Immagini/UniBg.png>
Package pdftex.def Info: Immagini/UniBg.png  used on input line 113.
(pdftex.def)             Requested size: 338.58632pt x 276.68593pt.
LaTeX Font Info:    Try loading font information for OT1+lmr on input line 113.

("C:\Users\miche\AppData\Local\Programs\MiKTeX 2.9\tex\latex\lm\ot1lmr.fd"
File: ot1lmr.fd 2009/10/30 v1.6 Font defs for Latin Modern
)
LaTeX Font Info:    Try loading font information for OML+lmm on input line 113.


("C:\Users\miche\AppData\Local\Programs\MiKTeX 2.9\tex\latex\lm\omllmm.fd"
File: omllmm.fd 2009/10/30 v1.6 Font defs for Latin Modern
)
LaTeX Font Info:    Try loading font information for OMS+lmsy on input line 113
.

("C:\Users\miche\AppData\Local\Programs\MiKTeX 2.9\tex\latex\lm\omslmsy.fd"
File: omslmsy.fd 2009/10/30 v1.6 Font defs for Latin Modern
)
LaTeX Font Info:    Try loading font information for OMX+lmex on input line 113
.

("C:\Users\miche\AppData\Local\Programs\MiKTeX 2.9\tex\latex\lm\omxlmex.fd"
File: omxlmex.fd 2009/10/30 v1.6 Font defs for Latin Modern
)
LaTeX Font Info:    External font `lmex10' loaded for size
(Font)              <12> on input line 113.
LaTeX Font Info:    External font `lmex10' loaded for size
(Font)              <8> on input line 113.
LaTeX Font Info:    External font `lmex10' loaded for size
(Font)              <6> on input line 113.

[1



{C:/Users/miche/AppData/Local/MiKTeX/2.9/pdftex/config/pdftex.map} <./Immagini/
UniBg.png>] [2

] (BreveDocumentazione.toc
LaTeX Font Info:    External font `lmex10' loaded for size
(Font)              <10.95> on input line 3.
 [3])
\tf@toc=\write4
\openout4 = `BreveDocumentazione.toc'.

 [4] (BreveDocumentazione.lof)
\tf@lof=\write5
\openout5 = `BreveDocumentazione.lof'.


[5

] [6

]
 1.
(Capitoli/Cyclone.tex
LaTeX Font Info:    Try loading font information for TS1+lmr on input line 25.

("C:\Users\miche\AppData\Local\Programs\MiKTeX 2.9\tex\latex\lm\ts1lmr.fd"
File: ts1lmr.fd 2009/10/30 v1.6 Font defs for Latin Modern
)
[1


]
<Immagini/FatPointerStruct.png, id=362, 384.6872pt x 74.52844pt>
File: Immagini/FatPointerStruct.png Graphic file (type png)
<use Immagini/FatPointerStruct.png>
Package pdftex.def Info: Immagini/FatPointerStruct.png  used on input line 66.
(pdftex.def)             Requested size: 241.84843pt x 46.85649pt.
<Immagini/NullablePointerFile.png, id=364, 240.14719pt x 78.2925pt>
File: Immagini/NullablePointerFile.png Graphic file (type png)
<use Immagini/NullablePointerFile.png>
Package pdftex.def Info: Immagini/NullablePointerFile.png  used on input line 8
4.
(pdftex.def)             Requested size: 241.84843pt x 78.849pt.


LaTeX Warning: `h' float specifier changed to `ht'.

[2 <./Immagini/FatPointerStruct.png>]) [3 <./Immagini/NullablePointerFile.png>]
[4

]
 2.
(Capitoli/cpp.tex
<Immagini/ClassDiagram.jpg, id=380, 1172.38pt x 814.04124pt>
File: Immagini/ClassDiagram.jpg Graphic file (type jpg)
<use Immagini/ClassDiagram.jpg>
Package pdftex.def Info: Immagini/ClassDiagram.jpg  used on input line 14.
(pdftex.def)             Requested size: 338.58632pt x 235.09705pt.
 [5 <./Immagini/ClassDiagram.jpg>]
<Immagini/MultipleInerithance.png, id=386, 470.50781pt x 47.42719pt>
File: Immagini/MultipleInerithance.png Graphic file (type png)
<use Immagini/MultipleInerithance.png>
Package pdftex.def Info: Immagini/MultipleInerithance.png  used on input line 4
2.
(pdftex.def)             Requested size: 290.22107pt x 29.25401pt.
<Immagini/DiamondProblem.png, id=388, 386.19281pt x 246.9225pt>
File: Immagini/DiamondProblem.png Graphic file (type png)
<use Immagini/DiamondProblem.png>
Package pdftex.def Info: Immagini/DiamondProblem.png  used on input line 57.
(pdftex.def)             Requested size: 145.11053pt x 92.78032pt.
<Immagini/VirtualInerithance.png, id=390, 240.9pt x 40.65187pt>
File: Immagini/VirtualInerithance.png Graphic file (type png)
<use Immagini/VirtualInerithance.png>
Package pdftex.def Info: Immagini/VirtualInerithance.png  used on input line 66
.
(pdftex.def)             Requested size: 241.84843pt x 40.81303pt.
 [6 <./Immagini/MultipleInerithance.png> <./Immagini/DiamondProblem.png> <./Imm
agini/VirtualInerithance.png>]
<Immagini/VirtualDestructor.png, id=398, 238.64156pt x 147.55125pt>
File: Immagini/VirtualDestructor.png Graphic file (type png)
<use Immagini/VirtualDestructor.png>
Package pdftex.def Info: Immagini/VirtualDestructor.png  used on input line 92.

(pdftex.def)             Requested size: 241.84843pt x 149.53214pt.
<Immagini/CoutRedefinition.png, id=400, 459.96844pt x 64.74188pt>
File: Immagini/CoutRedefinition.png Graphic file (type png)
<use Immagini/CoutRedefinition.png>
Package pdftex.def Info: Immagini/CoutRedefinition.png  used on input line 106.

(pdftex.def)             Requested size: 241.84843pt x 34.04135pt.
 [7 <./Immagini/VirtualDestructor.png> <./Immagini/CoutRedefinition.png>]
<Immagini/MatrixOperatorsRedef.png, id=408, 228.855pt x 52.69687pt>
File: Immagini/MatrixOperatorsRedef.png Graphic file (type png)
<use Immagini/MatrixOperatorsRedef.png>
Package pdftex.def Info: Immagini/MatrixOperatorsRedef.png  used on input line 
118.
(pdftex.def)             Requested size: 145.11053pt x 33.41469pt.
<Immagini/OperatorExample.png, id=411, 494.59781pt x 40.65187pt>
File: Immagini/OperatorExample.png Graphic file (type png)
<use Immagini/OperatorExample.png>
Package pdftex.def Info: Immagini/OperatorExample.png  used on input line 132.
(pdftex.def)             Requested size: 241.84843pt x 19.87802pt.
<Immagini/Stl_Iterator.png, id=412, 469.00218pt x 160.34906pt>
File: Immagini/Stl_Iterator.png Graphic file (type png)
<use Immagini/Stl_Iterator.png>
Package pdftex.def Info: Immagini/Stl_Iterator.png  used on input line 173.
(pdftex.def)             Requested size: 338.58632pt x 115.7595pt.


LaTeX Warning: `h' float specifier changed to `ht'.

[8 <./Immagini/MatrixOperatorsRedef.png> <./Immagini/OperatorExample.png>]
<Immagini/Stl_Algorithm.png, id=419, 432.11438pt x 189.70876pt>
File: Immagini/Stl_Algorithm.png Graphic file (type png)
<use Immagini/Stl_Algorithm.png>
Package pdftex.def Info: Immagini/Stl_Algorithm.png  used on input line 188.
(pdftex.def)             Requested size: 338.58632pt x 148.65248pt.
)
[9 <./Immagini/Stl_Iterator.png> <./Immagini/Stl_Algorithm.png>] [10

]
 3.
(Capitoli/Scala.tex
Overfull \hbox (7.96613pt too wide) in paragraph at lines 32--33
[]\T1/lmr/bx/n/10.95 Acquisto dei prodotti \T1/lmr/m/n/10.95 disponi-bili, \T1/
lmr/bx/n/10.95 re-ga-lando i prodotti scaduti\T1/lmr/m/n/10.95 : in par-ti-co-l
are la macchinetta
 []

<Immagini/ShowVendingMachine.png, id=431, 218.31563pt x 69.25874pt>
File: Immagini/ShowVendingMachine.png Graphic file (type png)
<use Immagini/ShowVendingMachine.png>
Package pdftex.def Info: Immagini/ShowVendingMachine.png  used on input line 36
.
(pdftex.def)             Requested size: 193.47578pt x 61.37904pt.
[11] [12 <./Immagini/ShowVendingMachine.png>]
<Immagini/EnergyDrink.png, id=445, 387.69844pt x 213.04594pt>
File: Immagini/EnergyDrink.png Graphic file (type png)
<use Immagini/EnergyDrink.png>
Package pdftex.def Info: Immagini/EnergyDrink.png  used on input line 61.
(pdftex.def)             Requested size: 217.66211pt x 119.61047pt.
<Immagini/ExpirableTrait.png, id=446, 144.54pt x 39.14626pt>
File: Immagini/ExpirableTrait.png Graphic file (type png)
<use Immagini/ExpirableTrait.png>
Package pdftex.def Info: Immagini/ExpirableTrait.png  used on input line 63.
(pdftex.def)             Requested size: 169.29684pt x 45.85349pt.
<Immagini/VendingMachine.png, id=447, 121.95563pt x 104.64093pt>
File: Immagini/VendingMachine.png Graphic file (type png)
<use Immagini/VendingMachine.png>
Package pdftex.def Info: Immagini/VendingMachine.png  used on input line 65.
(pdftex.def)             Requested size: 120.92421pt x 103.75768pt.
<Immagini/VendingMachineTrait.png, id=448, 243.91125pt x 74.52844pt>
File: Immagini/VendingMachineTrait.png Graphic file (type png)
<use Immagini/VendingMachineTrait.png>
Package pdftex.def Info: Immagini/VendingMachineTrait.png  used on input line 6
7.
(pdftex.def)             Requested size: 217.66211pt x 66.50862pt.
 [13 <./Immagini/EnergyDrink.png> <./Immagini/ExpirableTrait.png> <./Immagini/V
endingMachine.png> <./Immagini/VendingMachineTrait.png>]
<Immagini/Filter.png, id=463, 362.10281pt x 242.40562pt>
File: Immagini/Filter.png Graphic file (type png)
<use Immagini/Filter.png>
Package pdftex.def Info: Immagini/Filter.png  used on input line 87.
(pdftex.def)             Requested size: 266.03474pt x 178.09755pt.
<Immagini/RicercaTag.png, id=464, 377.91188pt x 203.25937pt>
File: Immagini/RicercaTag.png Graphic file (type png)
<use Immagini/RicercaTag.png>
Package pdftex.def Info: Immagini/RicercaTag.png  used on input line 94.
(pdftex.def)             Requested size: 266.03474pt x 143.08696pt.

Overfull \hbox (37.19586pt too wide) in paragraph at lines 105--106
[]\T1/lmr/m/n/10.95 Una volta ef-fet-tuato il fil-trag-gio \T1/lmr/bx/n/10.95 h
o con-sid-er-ato so-la-mente i prodotti il cui risul-tato dall'operazione
 []

[14 <./Immagini/Filter.png> <./Immagini/RicercaTag.png>]
<Immagini/Sealed.png, id=473, 432.11438pt x 72.27pt>
File: Immagini/Sealed.png Graphic file (type png)
<use Immagini/Sealed.png>
Package pdftex.def Info: Immagini/Sealed.png  used on input line 127.
(pdftex.def)             Requested size: 241.84843pt x 40.44885pt.
) [15 <./Immagini/Sealed.png>] [16

]
 4.
(Capitoli/ASM.tex
<Immagini/FSM.png, id=484, 525.46312pt x 240.14719pt>
File: Immagini/FSM.png Graphic file (type png)
<use Immagini/FSM.png>
Package pdftex.def Info: Immagini/FSM.png  used on input line 17.
(pdftex.def)             Requested size: 290.22107pt x 132.64198pt.
 [17 <./Immagini/FSM.png>]
<Immagini/ActionASM.png, id=491, 348.55219pt x 33.12375pt>
File: Immagini/ActionASM.png Graphic file (type png)
<use Immagini/ActionASM.png>
Package pdftex.def Info: Immagini/ActionASM.png  used on input line 30.
(pdftex.def)             Requested size: 290.22107pt x 27.58165pt.
<Immagini/EnumDomain.png, id=493, 479.54156pt x 60.97781pt>
File: Immagini/EnumDomain.png Graphic file (type png)
<use Immagini/EnumDomain.png>
Package pdftex.def Info: Immagini/EnumDomain.png  used on input line 55.
(pdftex.def)             Requested size: 241.84843pt x 30.75307pt.
 [18 <./Immagini/ActionASM.png> <./Immagini/EnumDomain.png>]
<Immagini/StaticFunction.png, id=501, 332.74312pt x 33.87656pt>
File: Immagini/StaticFunction.png Graphic file (type png)
<use Immagini/StaticFunction.png>
Package pdftex.def Info: Immagini/StaticFunction.png  used on input line 68.
(pdftex.def)             Requested size: 241.84843pt x 24.62267pt.
<Immagini/DynamicController.png, id=503, 381.67593pt x 59.47218pt>
File: Immagini/DynamicController.png Graphic file (type png)
<use Immagini/DynamicController.png>
Package pdftex.def Info: Immagini/DynamicController.png  used on input line 83.

(pdftex.def)             Requested size: 314.40001pt x 48.99164pt.
<Immagini/MonitoredFunc.png, id=504, 291.33844pt x 72.27pt>
File: Immagini/MonitoredFunc.png Graphic file (type png)
<use Immagini/MonitoredFunc.png>
Package pdftex.def Info: Immagini/MonitoredFunc.png  used on input line 106.
(pdftex.def)             Requested size: 314.40001pt x 77.99638pt.


LaTeX Warning: `h' float specifier changed to `ht'.

[19 <./Immagini/StaticFunction.png> <./Immagini/DynamicController.png>]
<Immagini/ManagementRule.png, id=515, 342.5297pt x 220.57407pt>
File: Immagini/ManagementRule.png Graphic file (type png)
<use Immagini/ManagementRule.png>
Package pdftex.def Info: Immagini/ManagementRule.png  used on input line 122.
(pdftex.def)             Requested size: 241.84843pt x 155.74368pt.
<Immagini/InitialState.png, id=517, 245.41687pt x 232.61906pt>
File: Immagini/InitialState.png Graphic file (type png)
<use Immagini/InitialState.png>
Package pdftex.def Info: Immagini/InitialState.png  used on input line 136.
(pdftex.def)             Requested size: 241.84843pt x 229.24292pt.


LaTeX Warning: `h' float specifier changed to `ht'.

[20 <./Immagini/MonitoredFunc.png> <./Immagini/ManagementRule.png>]
<Immagini/IterativeRunASM.png, id=525, 413.29407pt x 371.13657pt>
File: Immagini/IterativeRunASM.png Graphic file (type png)
<use Immagini/IterativeRunASM.png>
Package pdftex.def Info: Immagini/IterativeRunASM.png  used on input line 155.
(pdftex.def)             Requested size: 241.84843pt x 217.1848pt.
<Immagini/RandomRunASM.png, id=526, 1243.64626pt x 427.5975pt>
File: Immagini/RandomRunASM.png Graphic file (type png)
<use Immagini/RandomRunASM.png>
Package pdftex.def Info: Immagini/RandomRunASM.png  used on input line 166.
(pdftex.def)             Requested size: 483.69687pt x 166.30562pt.


LaTeX Warning: `h' float specifier changed to `ht'.

[21 <./Immagini/InitialState.png> <./Immagini/IterativeRunASM.png>]) [22 <./Imm
agini/RandomRunASM.png>]
 5.
(Capitoli/CorrezioneProva.tex
<Immagini/Partial_RA.png, id=540, 858.20625pt x 177.66376pt>
File: Immagini/Partial_RA.png Graphic file (type png)
<use Immagini/Partial_RA.png>
Package pdftex.def Info: Immagini/Partial_RA.png  used on input line 10.
(pdftex.def)             Requested size: 483.69687pt x 100.1335pt.
 [23

 <./Immagini/Partial_RA.png>]
<Immagini/SerieNumeriPariIt.png, id=547, 336.50719pt x 161.10187pt>
File: Immagini/SerieNumeriPariIt.png Graphic file (type png)
<use Immagini/SerieNumeriPariIt.png>
Package pdftex.def Info: Immagini/SerieNumeriPariIt.png  used on input line 27.

(pdftex.def)             Requested size: 290.22107pt x 138.94313pt.
<Immagini/SerieNumeriPariRecNoTail.png, id=549, 517.935pt x 251.43938pt>
File: Immagini/SerieNumeriPariRecNoTail.png Graphic file (type png)
<use Immagini/SerieNumeriPariRecNoTail.png>
Package pdftex.def Info: Immagini/SerieNumeriPariRecNoTail.png  used on input l
ine 40.
(pdftex.def)             Requested size: 290.22107pt x 140.89716pt.
<Immagini/SerieNumeriPariRecNoTailDebug.png, id=550, 344.03531pt x 68.50594pt>
File: Immagini/SerieNumeriPariRecNoTailDebug.png Graphic file (type png)
<use Immagini/SerieNumeriPariRecNoTailDebug.png>
Package pdftex.def Info: Immagini/SerieNumeriPariRecNoTailDebug.png  used on in
put line 47.
(pdftex.def)             Requested size: 290.22107pt x 57.79024pt.
 [24 <./Immagini/SerieNumeriPariIt.png> <./Immagini/SerieNumeriPariRecNoTail.pn
g> <./Immagini/SerieNumeriPariRecNoTailDebug.png>]
<Immagini/makeSommaOpachi.png, id=560, 471.26062pt x 121.20282pt>
File: Immagini/makeSommaOpachi.png Graphic file (type png)
<use Immagini/makeSommaOpachi.png>
Package pdftex.def Info: Immagini/makeSommaOpachi.png  used on input line 80.
(pdftex.def)             Requested size: 290.22107pt x 74.64192pt.
 [25 <./Immagini/makeSommaOpachi.png>]
<Immagini/calcolaMax.png, id=568, 549.55313pt x 228.10219pt>
File: Immagini/calcolaMax.png Graphic file (type png)
<use Immagini/calcolaMax.png>
Package pdftex.def Info: Immagini/calcolaMax.png  used on input line 92.
(pdftex.def)             Requested size: 290.22107pt x 120.46545pt.
<Immagini/scalaWrap.png, id=570, 393.72093pt x 149.05687pt>
File: Immagini/scalaWrap.png Graphic file (type png)
<use Immagini/scalaWrap.png>
Package pdftex.def Info: Immagini/scalaWrap.png  used on input line 103.
(pdftex.def)             Requested size: 290.22107pt x 109.87276pt.
)
Package atveryend Info: Empty hook `BeforeClearDocument' on input line 135.

[26 <./Immagini/calcolaMax.png> <./Immagini/scalaWrap.png>]
Package atveryend Info: Empty hook `AfterLastShipout' on input line 135.

(BreveDocumentazione.aux)
Package atveryend Info: Executing hook `AtVeryEndDocument' on input line 135.
Package atveryend Info: Executing hook `AtEndAfterFileList' on input line 135.
Package rerunfilecheck Info: File `BreveDocumentazione.out' has not changed.
(rerunfilecheck)             Checksum: 24B3A9C8CD947D6E5737AF08482CB81D;3235.
Package atveryend Info: Empty hook `AtVeryVeryEnd' on input line 135.
 ) 
Here is how much of TeX's memory you used:
 11316 strings out of 492970
 174362 string characters out of 3126593
 471201 words of memory out of 3000000
 14831 multiletter control sequences out of 15000+200000
 81591 words of font info for 49 fonts, out of 3000000 for 9000
 1141 hyphenation exceptions out of 8191
 37i,10n,65p,462b,468s stack positions out of 5000i,500n,10000p,200000b,50000s
{C:/Users/miche/AppData/Local/Programs/MiKTeX 2.9/fonts/enc/dvips/lm/lm-mathi
t.enc}{C:/Users/miche/AppData/Local/Programs/MiKTeX 2.9/fonts/enc/dvips/lm/lm-e
c.enc}{C:/Users/miche/AppData/Local/Programs/MiKTeX 2.9/fonts/enc/dvips/lm/lm-r
m.enc}{C:/Users/miche/AppData/Local/Programs/MiKTeX 2.9/fonts/enc/dvips/lm/lm-t
s1.enc}<C:/Users/miche/AppData/Local/Programs/MiKTeX 2.9/fonts/type1/public/lm/
lmbx10.pfb><C:/Users/miche/AppData/Local/Programs/MiKTeX 2.9/fonts/type1/public
/lm/lmbx12.pfb><C:/Users/miche/AppData/Local/Programs/MiKTeX 2.9/fonts/type1/pu
blic/lm/lmbxi10.pfb><C:/Users/miche/AppData/Local/Programs/MiKTeX 2.9/fonts/typ
e1/public/lm/lmcsc10.pfb><C:/Users/miche/AppData/Local/Programs/MiKTeX 2.9/font
s/type1/public/lm/lmmi10.pfb><C:/Users/miche/AppData/Local/Programs/MiKTeX 2.9/
fonts/type1/public/lm/lmr10.pfb><C:/Users/miche/AppData/Local/Programs/MiKTeX 2
.9/fonts/type1/public/lm/lmr12.pfb><C:/Users/miche/AppData/Local/Programs/MiKTe
X 2.9/fonts/type1/public/lm/lmr17.pfb><C:/Users/miche/AppData/Local/Programs/Mi
KTeX 2.9/fonts/type1/public/lm/lmr9.pfb><C:/Users/miche/AppData/Local/Programs/
MiKTeX 2.9/fonts/type1/public/lm/lmri10.pfb><C:/Users/miche/AppData/Local/Progr
ams/MiKTeX 2.9/fonts/type1/public/lm/lmri9.pfb><C:/Users/miche/AppData/Local/Pr
ograms/MiKTeX 2.9/fonts/type1/public/lm/lmro10.pfb>
Output written on BreveDocumentazione.pdf (32 pages, 939658 bytes).
PDF statistics:
 649 PDF objects out of 1000 (max. 8388607)
 124 named destinations out of 1000 (max. 500000)
 583 words of extra memory for PDF output out of 10000 (max. 10000000)

