\BOOKMARK [-1][-]{part.1}{I Primo progettino}{}% 1
\BOOKMARK [0][-]{chapter.1}{Cyclone}{part.1}% 2
\BOOKMARK [-1][-]{part.2}{II Secondo progettino}{}% 3
\BOOKMARK [0][-]{chapter.2}{C++}{part.2}% 4
\BOOKMARK [-1][-]{part.3}{III Terzo progettino}{}% 5
\BOOKMARK [0][-]{chapter.3}{Energy drink vending machine con Scala}{part.3}% 6
\BOOKMARK [1][-]{section.3.1}{Descrizione del progetto}{chapter.3}% 7
\BOOKMARK [1][-]{section.3.2}{Gerarchia delle classi}{chapter.3}% 8
\BOOKMARK [1][-]{section.3.3}{Filter}{chapter.3}% 9
\BOOKMARK [1][-]{section.3.4}{Match - sealed}{chapter.3}% 10
\BOOKMARK [2][-]{subsection.3.4.1}{Match}{section.3.4}% 11
\BOOKMARK [2][-]{subsection.3.4.2}{Sealed}{section.3.4}% 12
\BOOKMARK [-1][-]{part.4}{IV Quarto progettino}{}% 13
\BOOKMARK [0][-]{chapter.4}{Coffe Machine con ASM}{part.4}% 14
\BOOKMARK [1][-]{section.4.1}{Descrizione del progetto}{chapter.4}% 15
\BOOKMARK [1][-]{section.4.2}{Macchina a stati}{chapter.4}% 16
\BOOKMARK [1][-]{section.4.3}{Eventi}{chapter.4}% 17
\BOOKMARK [1][-]{section.4.4}{Domini}{chapter.4}% 18
\BOOKMARK [1][-]{section.4.5}{Controlled - static - monitored functions}{chapter.4}% 19
\BOOKMARK [2][-]{subsection.4.5.1}{Controlled}{section.4.5}% 20
\BOOKMARK [2][-]{subsection.4.5.2}{Static}{section.4.5}% 21
\BOOKMARK [2][-]{subsection.4.5.3}{Monitored}{section.4.5}% 22
\BOOKMARK [1][-]{section.4.6}{Inizializzazione}{chapter.4}% 23
\BOOKMARK [1][-]{section.4.7}{Event management rules e main rule}{chapter.4}% 24
\BOOKMARK [1][-]{section.4.8}{Transition rule}{chapter.4}% 25
\BOOKMARK [1][-]{section.4.9}{Simulazione}{chapter.4}% 26
